<?xml version="1.0" encoding="UTF-8"?>
<!-- Generated by org.testng.reporters.JUnitReportReporter -->
<testsuite hostname="LAPTOP-0PKHKVR9" failures="0" tests="1" name="tstcs.DemoWebsite" time="10.088" errors="0" timestamp="2023-07-22T14:23:25 IST" skipped="0">
  <testcase classname="tstcs.DemoWebsite" name="openapp" time="10.088"/>
  <system-out/>
</testsuite> <!-- tstcs.DemoWebsite -->
