<?xml version="1.0" encoding="UTF-8"?>
<!-- Generated by org.testng.reporters.JUnitReportReporter -->
<testsuite hostname="LAPTOP-0PKHKVR9" failures="0" tests="5" name="com.leafBot.testcases.TC002_LoginForFailure" time="34.256" errors="1" timestamp="2023-03-27T20:18:37 IST" skipped="4">
  <testcase classname="com.leafBot.testcases.TC002_LoginForFailure" name="createLeaf" time="0.000">
    <skipped/>
  </testcase> <!-- createLeaf -->
  <system-out/>
  <testcase classname="com.leafBot.testcases.TC002_LoginForFailure" name="createLeaf" time="0.000">
    <skipped/>
  </testcase> <!-- createLeaf -->
  <system-out/>
  <testcase classname="com.leafBot.testcases.TC002_LoginForFailure" name="createLeaf" time="0.000">
    <skipped/>
  </testcase> <!-- createLeaf -->
  <system-out/>
  <testcase classname="com.leafBot.testcases.TC002_LoginForFailure" name="beforeMethod" time="34.256">
    <error message="Cannot invoke &quot;org.openqa.selenium.remote.RemoteWebDriver.getScreenshotAs(org.openqa.selenium.OutputType)&quot; because &quot;this.driver&quot; is null" type="java.lang.NullPointerException">
      <![CDATA[java.lang.NullPointerException: Cannot invoke "org.openqa.selenium.remote.RemoteWebDriver.getScreenshotAs(org.openqa.selenium.OutputType)" because "this.driver" is null
at com.leafBot.selenium.api.base.SeleniumBase.takeSnap(SeleniumBase.java:474)
at utils.Reporter.reportStep(Reporter.java:48)
at utils.Reporter.reportStep(Reporter.java:64)
at com.leafBot.selenium.api.base.SeleniumBase.startApp(SeleniumBase.java:274)
at com.leafBot.testng.api.base.ProjectSpecificMethods.beforeMethod(ProjectSpecificMethods.java:26)
at java.base/jdk.internal.reflect.NativeMethodAccessorImpl.invoke0(Native Method)
at java.base/jdk.internal.reflect.NativeMethodAccessorImpl.invoke(NativeMethodAccessorImpl.java:77)
at java.base/jdk.internal.reflect.DelegatingMethodAccessorImpl.invoke(DelegatingMethodAccessorImpl.java:43)
at java.base/java.lang.reflect.Method.invoke(Method.java:568)
at org.testng.internal.MethodInvocationHelper.invokeMethod(MethodInvocationHelper.java:133)
at org.testng.internal.MethodInvocationHelper.invokeMethodConsideringTimeout(MethodInvocationHelper.java:62)
at org.testng.internal.ConfigInvoker.invokeConfigurationMethod(ConfigInvoker.java:385)
at org.testng.internal.ConfigInvoker.invokeConfigurations(ConfigInvoker.java:321)
at org.testng.internal.TestInvoker.runConfigMethods(TestInvoker.java:700)
at org.testng.internal.TestInvoker.invokeMethod(TestInvoker.java:527)
at org.testng.internal.TestInvoker.invokeTestMethod(TestInvoker.java:173)
at org.testng.internal.MethodRunner.runInSequence(MethodRunner.java:46)
at org.testng.internal.TestInvoker$MethodInvocationAgent.invoke(TestInvoker.java:824)
at org.testng.internal.TestInvoker.invokeTestMethods(TestInvoker.java:146)
at org.testng.internal.TestMethodWorker.invokeTestMethods(TestMethodWorker.java:146)
at org.testng.internal.TestMethodWorker.run(TestMethodWorker.java:128)
at java.base/java.util.ArrayList.forEach(ArrayList.java:1511)
at org.testng.TestRunner.privateRun(TestRunner.java:794)
at org.testng.TestRunner.run(TestRunner.java:596)
at org.testng.SuiteRunner.runTest(SuiteRunner.java:377)
at org.testng.SuiteRunner.runSequentially(SuiteRunner.java:371)
at org.testng.SuiteRunner.privateRun(SuiteRunner.java:332)
at org.testng.SuiteRunner.run(SuiteRunner.java:276)
at org.testng.SuiteRunnerWorker.runSuite(SuiteRunnerWorker.java:53)
at org.testng.SuiteRunnerWorker.run(SuiteRunnerWorker.java:96)
at org.testng.TestNG.runSuitesSequentially(TestNG.java:1212)
at org.testng.TestNG.runSuitesLocally(TestNG.java:1134)
at org.testng.TestNG.runSuites(TestNG.java:1063)
at org.testng.TestNG.run(TestNG.java:1031)
at org.testng.remote.AbstractRemoteTestNG.run(AbstractRemoteTestNG.java:115)
at org.testng.remote.RemoteTestNG.initAndRun(RemoteTestNG.java:251)
at org.testng.remote.RemoteTestNG.main(RemoteTestNG.java:77)
]]>
    </error>
  </testcase> <!-- beforeMethod -->
  <system-out/>
  <testcase classname="com.leafBot.testcases.TC002_LoginForFailure" name="createLeaf" time="0.000">
    <skipped/>
  </testcase> <!-- createLeaf -->
  <system-out/>
</testsuite> <!-- com.leafBot.testcases.TC002_LoginForFailure -->
