<?xml version="1.0" encoding="UTF-8"?>
<!-- Generated by org.testng.reporters.JUnitReportReporter -->
<testsuite hostname="LAPTOP-0PKHKVR9" failures="0" tests="2" name="tstcs.dataprovider" time="51.994" errors="0" timestamp="2023-07-22T14:10:55 IST" skipped="0">
  <testcase classname="tstcs.dataprovider" name="login" time="25.972"/>
  <system-out/>
  <testcase classname="tstcs.dataprovider" name="login" time="26.022"/>
  <system-out/>
</testsuite> <!-- tstcs.dataprovider -->
