<?xml version="1.0" encoding="UTF-8"?>
<!-- Generated by org.testng.reporters.JUnitReportReporter -->
<testsuite hostname="LAPTOP-0PKHKVR9" failures="0" tests="2" name="tstcs.TC001" time="93.536" errors="0" timestamp="2023-07-22T19:19:38 IST" skipped="0">
  <testcase classname="tstcs.TC001" name="login" time="46.532"/>
  <system-out/>
  <testcase classname="tstcs.TC001" name="login" time="47.004"/>
  <system-out/>
</testsuite> <!-- tstcs.TC001 -->
