<?xml version="1.0" encoding="UTF-8"?>
<!-- Generated by org.testng.reporters.JUnitReportReporter -->
<testsuite hostname="LAPTOP-0PKHKVR9" failures="0" tests="3" name="com.leafBot.pages.DataProvid" time="12.373" errors="0" timestamp="2022-08-10T21:31:04 IST" skipped="0">
  <testcase classname="com.leafBot.pages.DataProvid" name="testMethod" time="3.140"/>
  <system-out/>
  <testcase classname="com.leafBot.pages.DataProvid" name="testMethod" time="3.129"/>
  <system-out/>
  <testcase classname="com.leafBot.pages.DataProvid" name="testMethod" time="6.104"/>
  <system-out/>
</testsuite> <!-- com.leafBot.pages.DataProvid -->
