<?xml version="1.0" encoding="UTF-8"?>
<!-- Generated by org.testng.reporters.JUnitReportReporter -->
<testsuite hostname="LAPTOP-0PKHKVR9" failures="0" tests="1" name="org.pkg.testcases.TC001Login" time="34.983" errors="0" timestamp="2023-07-09T13:00:56 IST" skipped="0">
  <testcase classname="org.pkg.testcases.TC001Login" name="loginTest" time="34.983"/>
  <system-out/>
</testsuite> <!-- org.pkg.testcases.TC001Login -->
